{
  "0 debug pnpm:scope": {
    "selected": 1,
    "workspacePrefix": "/home/luke/code/vueauth"
  },
  "1 error pnpm": {
    "errno": 1,
    "code": "ELIFECYCLE",
    "pkgid": "@vueauth/supabase@1.0.0-alpha.12",
    "stage": "build",
    "script": "rollup --config rollup.config.js",
    "pkgname": "@vueauth/supabase",
    "err": {
      "name": "pnpm",
      "message": "@vueauth/supabase@1.0.0-alpha.12 build: `rollup --config rollup.config.js`\nExit status 1",
      "code": "ELIFECYCLE",
      "stack": "pnpm: @vueauth/supabase@1.0.0-alpha.12 build: `rollup --config rollup.config.js`\nExit status 1\n    at EventEmitter.<anonymous> (/home/luke/.npm-global/pnpm-global/5/node_modules/.pnpm/pnpm@6.23.6/node_modules/pnpm/dist/pnpm.cjs:103540:20)\n    at EventEmitter.emit (node:events:390:28)\n    at ChildProcess.<anonymous> (/home/luke/.npm-global/pnpm-global/5/node_modules/.pnpm/pnpm@6.23.6/node_modules/pnpm/dist/pnpm.cjs:91469:18)\n    at ChildProcess.emit (node:events:390:28)\n    at maybeClose (node:internal/child_process:1064:16)\n    at Process.ChildProcess._handle.onexit (node:internal/child_process:301:5)"
    }
  },
  "2 warn pnpm:global": " Local package.json exists, but node_modules missing, did you mean to install?"
}