{
  "0 debug pnpm:scope": {
    "selected": 11,
    "total": 11,
    "workspacePrefix": "/home/luke/code/vueauth"
  },
  "1 debug pnpm:package-manifest": {
    "initial": {
      "name": "vue-firebase-examples",
      "version": "0.0.0",
      "license": "MIT",
      "private": true,
      "scripts": {
        "dev": "vite --force",
        "build": "vite build",
        "serve": "vite preview"
      },
      "dependencies": {
        "firebase": "^1.0.0-alpha.18",
        "vue": "^3.2.16",
        "vue-router": "4"
      },
      "devDependencies": {
        "@vitejs/plugin-vue": "^1.9.3",
        "eslint": "^7.0.0",
        "eslint-config-standard": "^16.0.3",
        "eslint-plugin-import": "^2.25.2",
        "eslint-plugin-node": "^11.1.0",
        "eslint-plugin-promise": "^5.1.1",
        "eslint-plugin-vue": "^8.0.3",
        "vite": "^2.6.4"
      }
    },
    "prefix": "/home/luke/code/vueauth/firebase/examples"
  },
  "2 debug pnpm:package-manifest": {
    "initial": {
      "private": true,
      "scripts": {
        "dev": "npm run development",
        "development": "mix",
        "watch": "mix watch",
        "watch-poll": "mix watch -- --watch-options-poll=1000",
        "hot": "mix watch --hot",
        "prod": "npm run production",
        "production": "mix --production"
      },
      "devDependencies": {
        "axios": "^0.21",
        "laravel-mix": "^6.0.6",
        "lodash": "^4.17.19",
        "postcss": "^8.1.14"
      }
    },
    "prefix": "/home/luke/code/vueauth/sanctum/test-api"
  },
  "3 debug pnpm:package-manifest": {
    "initial": {
      "private": true,
      "scripts": {
        "dev": "webpack --mode development --watch",
        "build": "NODE_ENV=production webpack --mode production",
        "format": "prettier --write 'resources/**/*.{css,js,ts,vue}'"
      },
      "dependencies": {
        "git-url-parse": "^11.1.2",
        "highlight.js": "^10.4.1",
        "lodash": "^4.17.21",
        "markdown-it": "^9.0.1",
        "md5": "^2.2.1",
        "sql-formatter": "^2.3.3"
      },
      "devDependencies": {
        "@babel/core": "^7.4.5",
        "@babel/plugin-syntax-dynamic-import": "^7.2.0",
        "@babel/plugin-transform-runtime": "^7.4.4",
        "@babel/preset-env": "^7.4.5",
        "@babel/preset-typescript": "^7.3.3",
        "@fullhuman/postcss-purgecss": "^1.1.0",
        "@types/jest": "^24.0.15",
        "@types/lodash": "^4.14.133",
        "babel-loader": "^8.0.6",
        "css-loader": "^3.0.0",
        "husky": "^1.3.1",
        "jest": "^24.8.0",
        "lint-staged": "^8.1.5",
        "postcss-import": "^12.0.1",
        "postcss-loader": "^3.0.0",
        "postcss-preset-env": "^6.6.0",
        "prettier": "^1.16.4",
        "style-loader": "^0.23.1",
        "tailwindcss": "^1.0.4",
        "typescript": "^3.5.2",
        "vue": "^2.6.10",
        "vue-loader": "^15.7.0",
        "vue-template-compiler": "^2.6.10",
        "webpack": "^4.35.0",
        "webpack-cli": "^3.3.5"
      },
      "husky": {
        "hooks": {
          "pre-commit": "lint-staged && yarn build && git add resources/compiled/ignition.js"
        }
      },
      "lint-staged": {
        "linters": {
          "*.{css,js,ts,vue}": [
            "yarn format",
            "git add"
          ]
        },
        "ignore": [
          "resources/compiled/**/*"
        ]
      },
      "jest": {
        "testPathIgnorePatterns": [
          "/node_modules/",
          "/__helpers__/"
        ]
      }
    },
    "prefix": "/home/luke/code/vueauth/sanctum/test-api/vendor/facade/ignition"
  },
  "4 debug pnpm:package-manifest": {
    "initial": {
      "private": true,
      "scripts": {
        "dev": "npm run development",
        "development": "mix",
        "watch": "mix watch",
        "watch-poll": "mix watch -- --watch-options-poll=1000",
        "hot": "mix watch --hot",
        "prod": "npm run production",
        "production": "mix --production"
      },
      "devDependencies": {
        "axios": "^0.21.1",
        "bootstrap": "^4.3.1",
        "chart.js": "^2.5.0",
        "highlight.js": "^10.4.1",
        "jquery": "^3.5.0",
        "laravel-mix": "^6.0.13",
        "lodash": "^4.17.19",
        "md5": "^2.2.1",
        "moment": "^2.10.6",
        "moment-timezone": "^0.5.21",
        "phpunserialize": "1.*",
        "popper.js": "^1.12",
        "resolve-url-loader": "^3.1.2",
        "sass": "^1.26.3",
        "sass-loader": "^11.0.1",
        "sql-formatter": "^4.0.2",
        "vue": "^2.5.7",
        "vue-json-pretty": "^1.4.1",
        "vue-loader": "^15.9.6",
        "vue-router": "^3.0.1",
        "vue-template-compiler": "^2.5.21"
      }
    },
    "prefix": "/home/luke/code/vueauth/sanctum/test-api/vendor/laravel/horizon"
  },
  "5 debug pnpm:package-manifest": {
    "initial": {
      "name": "vue-sanctum-examples",
      "version": "0.0.0",
      "license": "MIT",
      "private": true,
      "scripts": {
        "dev": "vite --force",
        "build": "vite build",
        "serve": "vite preview"
      },
      "dependencies": {
        "@vueauth/core": "^1.0.0-alpha.17",
        "axios": "^0.24.0",
        "sanctum": "^1.0.0-alpha.8",
        "vue": "^3.2.16",
        "vue-router": "4"
      },
      "devDependencies": {
        "@vitejs/plugin-vue": "^1.9.3",
        "eslint": "^7.0.0",
        "eslint-config-standard": "^16.0.3",
        "eslint-plugin-import": "^2.25.2",
        "eslint-plugin-node": "^11.1.0",
        "eslint-plugin-promise": "^5.1.1",
        "eslint-plugin-vue": "^8.0.3",
        "vite": "^2.6.4"
      }
    },
    "prefix": "/home/luke/code/vueauth/sanctum/examples"
  },
  "6 debug pnpm:package-manifest": {
    "initial": {
      "name": "vue-supabase-examples",
      "version": "0.0.0",
      "license": "MIT",
      "private": true,
      "scripts": {
        "dev": "vite --force",
        "build": "vite build",
        "serve": "vite preview"
      },
      "dependencies": {
        "@supabase/supabase-js": "^1.28.5",
        "@vueauth/supabase": "^1.0.0-alpha.1",
        "vue": "^3.2.16",
        "vue-router": "4"
      },
      "devDependencies": {
        "@vitejs/plugin-vue": "^1.9.3",
        "eslint": "^7.0.0",
        "eslint-config-standard": "^16.0.3",
        "eslint-plugin-import": "^2.25.2",
        "eslint-plugin-node": "^11.1.0",
        "eslint-plugin-promise": "^5.1.1",
        "eslint-plugin-vue": "^8.0.3",
        "vite": "^2.6.4"
      }
    },
    "prefix": "/home/luke/code/vueauth/supabase/examples"
  },
  "7 debug pnpm:package-manifest": {
    "initial": {
      "repository": "https://github.com/vueauth/vueauth",
      "author": "Luke Diebold <luke@ldiebold.com>",
      "license": "MIT",
      "private": true,
      "scripts": {
        "docs:build": "vuepress build docs",
        "docs:dev": "vuepress dev docs",
        "core:build": "cd ./core && pnpm build",
        "core:watch": "cd ./core && pnpm watch",
        "fire:build": "cd ./firebase && pnpm build",
        "fire:watch": "cd ./firebase && pnpm watch",
        "fire:dev": "cd ./firebase/examples && pnpm dev",
        "sanc:build": "cd ./sanctum && pnpm build",
        "sanc:watch": "cd ./sanctum && pnpm watch",
        "sanc:dev": "cd ./sanctum/examples && pnpm dev",
        "supa:build": "cd ./supabase && pnpm build",
        "supa:watch": "cd ./supabase && pnpm watch",
        "supa:dev": "cd ./supabase/examples && pnpm dev"
      },
      "devDependencies": {
        "@vuepress/bundler-vite": "^2.0.0-beta.27",
        "vuepress": "^2.0.0-beta.27"
      }
    },
    "prefix": "/home/luke/code/vueauth"
  },
  "8 debug pnpm:package-manifest": {
    "initial": {
      "name": "@vueauth/core",
      "version": "1.0.0-alpha.36",
      "description": "Abstracts for dealing with authenticating a vue app",
      "main": "dist/core.esm.js",
      "typings": "dist/src/main.d.ts",
      "author": "Luke Diebold",
      "license": "MIT",
      "git-checks": false,
      "devDependencies": {
        "@babel/core": "^7.15.8",
        "@babel/preset-env": "^7.15.8",
        "@rollup/plugin-babel": "^5.3.0",
        "@rollup/plugin-commonjs": "^21.0.1",
        "@rollup/plugin-node-resolve": "^13.0.6",
        "@rollup/plugin-typescript": "^8.3.0",
        "@typescript-eslint/eslint-plugin": "^5.3.0",
        "@typescript-eslint/parser": "^5.3.0",
        "eslint": "^7.0.0",
        "eslint-config-standard": "^16.0.3",
        "eslint-plugin-import": "^2.25.2",
        "eslint-plugin-node": "^11.1.0",
        "eslint-plugin-promise": "^5.1.1",
        "rollup": "^2.58.0",
        "typescript": "^4.4.4"
      },
      "files": [
        "dist",
        "src"
      ],
      "dependencies": {
        "@vueuse/core": "^6.8.0",
        "@vueuse/integrations": "^6.8.0",
        "axios": "^0.24.0",
        "tslib": "^2.3.1",
        "typescript": "^4.4.4",
        "vue-composable": "^1.0.0-beta.24",
        "vue-demi": "^0.11.4",
        "vue-router": "^4.0.0"
      },
      "peerDependencies": {
        "vue": "^3.0.0-0 || ^2.6.0"
      },
      "scripts": {
        "build": "rollup --config rollup.config.js",
        "lint": "eslint ./src",
        "watch": "rollup --config rollup.config.js --watch"
      }
    },
    "prefix": "/home/luke/code/vueauth/core"
  },
  "9 debug pnpm:package-manifest": {
    "initial": {
      "name": "@vueauth/sanctum",
      "version": "1.0.0-alpha.33",
      "description": "A collection of composables for authenticating with Laravel Sanctum",
      "main": "dist/sanctum.esm.js",
      "typings": "dist/src/main.d.ts",
      "repository": "https://github.com/vueauth/vueauth",
      "author": "Luke Diebold",
      "license": "MIT",
      "devDependencies": {
        "@babel/core": "^7.16.0",
        "@babel/preset-env": "^7.16.4",
        "@rollup/plugin-babel": "^5.3.0",
        "@rollup/plugin-commonjs": "^21.0.1",
        "@rollup/plugin-node-resolve": "^13.0.6",
        "@rollup/plugin-typescript": "^8.3.0",
        "@typescript-eslint/eslint-plugin": "^5.6.0",
        "@typescript-eslint/parser": "^5.6.0",
        "@vueauth/core": "workspace:latest",
        "eslint": "^7.32.0",
        "eslint-config-standard": "^16.0.3",
        "eslint-plugin-import": "^2.25.3",
        "eslint-plugin-node": "^11.1.0",
        "eslint-plugin-promise": "^5.2.0",
        "install-peers-cli": "^2.2.0",
        "rollup": "^2.61.1",
        "typescript": "^4.4.4",
        "vue": "^3.2.24"
      },
      "files": [
        "dist"
      ],
      "dependencies": {
        "@vue-composable/cookie": "^1.0.0-beta.24",
        "@vueuse/core": "^7.2.2",
        "@vueuse/integrations": "^7.2.2",
        "@vueuse/shared": "^7.2.2",
        "axios": "^0.24.0",
        "js-cookie": "^3.0.1",
        "tslib": "^2.3.1",
        "typescript": "^4.5.3",
        "universal-cookie": "^4.0.4",
        "vue-composable": "^1.0.0-beta.24",
        "vue-demi": "^0.11.4",
        "vue-router": "^4.0.12"
      },
      "peerDependencies": {
        "vue": "^3.0.0-0 || ^2.6.0"
      },
      "scripts": {
        "build": "rollup --config rollup.config.js",
        "watch": "rollup --config rollup.config.js --watch"
      }
    },
    "prefix": "/home/luke/code/vueauth/sanctum"
  },
  "10 debug pnpm:package-manifest": {
    "initial": {
      "name": "@vueauth/firebase",
      "version": "1.0.0-alpha.33",
      "description": "A collection of composables for dealing with firebase",
      "main": "dist/firebase.esm.js",
      "typings": "dist/src/main.d.ts",
      "repository": "https://github.com/vueauth/vueauth",
      "author": "Luke Diebold",
      "license": "MIT",
      "devDependencies": {
        "@babel/core": "^7.15.8",
        "@babel/preset-env": "^7.15.8",
        "@rollup/plugin-babel": "^5.3.0",
        "@rollup/plugin-commonjs": "^21.0.1",
        "@rollup/plugin-node-resolve": "^13.0.6",
        "@rollup/plugin-typescript": "^8.3.0",
        "@typescript-eslint/eslint-plugin": "^5.3.0",
        "@typescript-eslint/parser": "^5.3.0",
        "@vueauth/core": "latest",
        "eslint": "^7.0.0",
        "eslint-config-standard": "^16.0.3",
        "eslint-plugin-import": "^2.25.2",
        "eslint-plugin-node": "^11.1.0",
        "eslint-plugin-promise": "^5.1.1",
        "firebase": "^9.0.0",
        "install-peers-cli": "^2.2.0",
        "rollup": "^2.58.0",
        "typescript": "^4.4.4"
      },
      "files": [
        "dist"
      ],
      "dependencies": {
        "@vueuse/core": "^7.0.0",
        "@vueuse/shared": "^7.0.0",
        "@vueauth/core": "^1.0.0-alpha.16",
        "tslib": "^2.3.1",
        "typescript": "^4.4.4",
        "vue-demi": "^0.11.4",
        "vue-router": "^4.0.0"
      },
      "peerDependencies": {
        "firebase": "^9.0.0",
        "vue": "^3.0.0-0 || ^2.6.0"
      },
      "scripts": {
        "build": "rollup --config rollup.config.js",
        "watch": "rollup --config rollup.config.js --watch"
      }
    },
    "prefix": "/home/luke/code/vueauth/firebase"
  },
  "11 debug pnpm:package-manifest": {
    "initial": {
      "name": "@vueauth/supabase",
      "version": "1.0.0-alpha.12",
      "description": "A collection of composables for dealing with supabase",
      "main": "dist/supabase.esm.js",
      "typings": "dist/src/main.d.ts",
      "repository": "https://github.com/vueauth/vueauth",
      "author": "Luke Diebold",
      "license": "MIT",
      "devDependencies": {
        "@babel/core": "^7.15.8",
        "@babel/preset-env": "^7.15.8",
        "@rollup/plugin-babel": "^5.3.0",
        "@rollup/plugin-commonjs": "^21.0.1",
        "@rollup/plugin-node-resolve": "^13.0.6",
        "@rollup/plugin-typescript": "^8.3.0",
        "@typescript-eslint/eslint-plugin": "^5.3.0",
        "@typescript-eslint/parser": "^5.3.0",
        "@vueauth/core": "latest",
        "eslint": "^7.0.0",
        "eslint-config-standard": "^16.0.3",
        "eslint-plugin-import": "^2.25.2",
        "eslint-plugin-node": "^11.1.0",
        "eslint-plugin-promise": "^5.1.1",
        "@supabase/supabase-js": "^1.28.5",
        "install-peers-cli": "^2.2.0",
        "rollup": "^2.58.0",
        "typescript": "^4.4.4"
      },
      "files": [
        "dist"
      ],
      "dependencies": {
        "@vueuse/core": "^7.0.0",
        "@vueuse/shared": "^7.0.0",
        "@vueauth/core": "^1.0.0-alpha.16",
        "tslib": "^2.3.1",
        "typescript": "^4.4.4",
        "vue-demi": "^0.11.4",
        "vue-router": "^4.0.0"
      },
      "peerDependencies": {
        "@supabase/supabase-js": "^1.28.5",
        "vue": "^3.0.0-0 || ^2.6.0"
      },
      "scripts": {
        "build": "rollup --config rollup.config.js",
        "watch": "rollup --config rollup.config.js --watch"
      }
    },
    "prefix": "/home/luke/code/vueauth/supabase"
  },
  "12 warn pnpm": {
    "message": "Ignoring broken lockfile at /home/luke/code/vueauth: The lockfile at \"/home/luke/code/vueauth/pnpm-lock.yaml\" is broken: bad indentation of a mapping entry (74:7)\n\n 71 |       '@typescript-eslint/parser': ^5.3.0\n 72 |       '@vueuse/core': ^7.0.0\n 73 |       '@vueuse/shared': ^7.0.0\n 74 |       @vueauth/core: ^1.0.0-alpha.16\n------------^\n 75 |       eslint: ^7.0.0\n 76 |       eslint-config-standard: ^16.0.3",
    "prefix": "/home/luke/code/vueauth"
  },
  "13 debug pnpm:context": {
    "currentLockfileExists": false,
    "storeDir": "/home/luke/.pnpm-store/v3",
    "virtualStoreDir": "/home/luke/code/vueauth/node_modules/.pnpm"
  },
  "14 debug pnpm:stage": {
    "prefix": "/home/luke/code/vueauth",
    "stage": "resolution_started"
  },
  "15 debug pnpm:_dependency_resolved": {
    "resolution": "registry.npmjs.org/eslint-plugin-node/11.1.0",
    "wanted": {
      "dependentId": "firebase/examples",
      "name": "eslint-plugin-node",
      "rawSpec": "^11.1.0"
    }
  },
  "16 debug pnpm:progress": {
    "packageId": "registry.npmjs.org/eslint-plugin-node/11.1.0",
    "requester": "/home/luke/code/vueauth",
    "status": "resolved"
  },
  "17 debug pnpm:_dependency_resolved": {
    "resolution": "registry.npmjs.org/eslint-config-standard/16.0.3",
    "wanted": {
      "dependentId": "firebase/examples",
      "name": "eslint-config-standard",
      "rawSpec": "^16.0.3"
    }
  },
  "18 debug pnpm:progress": {
    "packageId": "registry.npmjs.org/eslint-config-standard/16.0.3",
    "requester": "/home/luke/code/vueauth",
    "status": "resolved"
  },
  "19 debug pnpm:progress": {
    "packageId": "registry.npmjs.org/eslint-config-standard/16.0.3",
    "requester": "/home/luke/code/vueauth",
    "status": "found_in_store"
  },
  "20 debug pnpm:progress": {
    "packageId": "registry.npmjs.org/eslint-plugin-node/11.1.0",
    "requester": "/home/luke/code/vueauth",
    "status": "found_in_store"
  },
  "21 debug pnpm:_dependency_resolved": {
    "resolution": "registry.npmjs.org/@babel/plugin-syntax-dynamic-import/7.8.3",
    "wanted": {
      "dependentId": "sanctum/test-api/vendor/facade/ignition",
      "name": "@babel/plugin-syntax-dynamic-import",
      "rawSpec": "^7.2.0"
    }
  },
  "22 debug pnpm:progress": {
    "packageId": "registry.npmjs.org/@babel/plugin-syntax-dynamic-import/7.8.3",
    "requester": "/home/luke/code/vueauth",
    "status": "resolved"
  },
  "23 debug pnpm:progress": {
    "packageId": "registry.npmjs.org/@babel/plugin-syntax-dynamic-import/7.8.3",
    "requester": "/home/luke/code/vueauth",
    "status": "found_in_store"
  },
  "24 debug pnpm:_dependency_resolved": {
    "resolution": "registry.npmjs.org/@babel/plugin-transform-runtime/7.16.4",
    "wanted": {
      "dependentId": "sanctum/test-api/vendor/facade/ignition",
      "name": "@babel/plugin-transform-runtime",
      "rawSpec": "^7.4.4"
    }
  },
  "25 debug pnpm:progress": {
    "packageId": "registry.npmjs.org/@babel/plugin-transform-runtime/7.16.4",
    "requester": "/home/luke/code/vueauth",
    "status": "resolved"
  },
  "26 debug pnpm:_dependency_resolved": {
    "resolution": "registry.npmjs.org/eslint-plugin-vue/8.2.0",
    "wanted": {
      "dependentId": "firebase/examples",
      "name": "eslint-plugin-vue",
      "rawSpec": "^8.0.3"
    }
  },
  "27 debug pnpm:progress": {
    "packageId": "registry.npmjs.org/eslint-plugin-vue/8.2.0",
    "requester": "/home/luke/code/vueauth",
    "status": "resolved"
  },
  "28 debug pnpm:progress": {
    "packageId": "registry.npmjs.org/@babel/plugin-transform-runtime/7.16.4",
    "requester": "/home/luke/code/vueauth",
    "status": "found_in_store"
  },
  "29 debug pnpm:progress": {
    "packageId": "registry.npmjs.org/eslint-plugin-vue/8.2.0",
    "requester": "/home/luke/code/vueauth",
    "status": "found_in_store"
  },
  "30 debug pnpm:_dependency_resolved": {
    "resolution": "registry.npmjs.org/vue/3.2.26",
    "wanted": {
      "dependentId": "firebase/examples",
      "name": "vue",
      "rawSpec": "^3.2.16"
    }
  },
  "31 debug pnpm:progress": {
    "packageId": "registry.npmjs.org/vue/3.2.26",
    "requester": "/home/luke/code/vueauth",
    "status": "resolved"
  },
  "32 debug pnpm:progress": {
    "packageId": "registry.npmjs.org/vue/3.2.26",
    "requester": "/home/luke/code/vueauth",
    "status": "found_in_store"
  },
  "33 debug pnpm:_dependency_resolved": {
    "resolution": "registry.npmjs.org/@types/jest/24.9.1",
    "wanted": {
      "dependentId": "sanctum/test-api/vendor/facade/ignition",
      "name": "@types/jest",
      "rawSpec": "^24.0.15"
    }
  },
  "34 debug pnpm:progress": {
    "packageId": "registry.npmjs.org/@types/jest/24.9.1",
    "requester": "/home/luke/code/vueauth",
    "status": "resolved"
  },
  "35 debug pnpm:_dependency_resolved": {
    "resolution": "registry.npmjs.org/@babel/preset-typescript/7.16.0",
    "wanted": {
      "dependentId": "sanctum/test-api/vendor/facade/ignition",
      "name": "@babel/preset-typescript",
      "rawSpec": "^7.3.3"
    }
  },
  "36 debug pnpm:progress": {
    "packageId": "registry.npmjs.org/@babel/preset-typescript/7.16.0",
    "requester": "/home/luke/code/vueauth",
    "status": "resolved"
  },
  "37 debug pnpm:progress": {
    "packageId": "registry.npmjs.org/@types/jest/24.9.1",
    "requester": "/home/luke/code/vueauth",
    "status": "found_in_store"
  },
  "38 debug pnpm:progress": {
    "packageId": "registry.npmjs.org/@babel/preset-typescript/7.16.0",
    "requester": "/home/luke/code/vueauth",
    "status": "found_in_store"
  },
  "39 debug pnpm:_dependency_resolved": {
    "resolution": "registry.npmjs.org/axios/0.21.4",
    "wanted": {
      "dependentId": "sanctum/test-api",
      "name": "axios",
      "rawSpec": "^0.21"
    }
  },
  "40 debug pnpm:progress": {
    "packageId": "registry.npmjs.org/axios/0.21.4",
    "requester": "/home/luke/code/vueauth",
    "status": "resolved"
  },
  "41 debug pnpm:_dependency_resolved": {
    "resolution": "registry.npmjs.org/eslint-plugin-promise/5.2.0",
    "wanted": {
      "dependentId": "firebase/examples",
      "name": "eslint-plugin-promise",
      "rawSpec": "^5.1.1"
    }
  },
  "42 debug pnpm:progress": {
    "packageId": "registry.npmjs.org/eslint-plugin-promise/5.2.0",
    "requester": "/home/luke/code/vueauth",
    "status": "resolved"
  },
  "43 debug pnpm:progress": {
    "packageId": "registry.npmjs.org/axios/0.21.4",
    "requester": "/home/luke/code/vueauth",
    "status": "found_in_store"
  },
  "44 debug pnpm:progress": {
    "packageId": "registry.npmjs.org/eslint-plugin-promise/5.2.0",
    "requester": "/home/luke/code/vueauth",
    "status": "found_in_store"
  },
  "45 debug pnpm:_dependency_resolved": {
    "resolution": "registry.npmjs.org/babel-loader/8.2.3",
    "wanted": {
      "dependentId": "sanctum/test-api/vendor/facade/ignition",
      "name": "babel-loader",
      "rawSpec": "^8.0.6"
    }
  },
  "46 debug pnpm:progress": {
    "packageId": "registry.npmjs.org/babel-loader/8.2.3",
    "requester": "/home/luke/code/vueauth",
    "status": "resolved"
  },
  "47 debug pnpm:progress": {
    "packageId": "registry.npmjs.org/babel-loader/8.2.3",
    "requester": "/home/luke/code/vueauth",
    "status": "found_in_store"
  },
  "48 debug pnpm:_dependency_resolved": {
    "resolution": "registry.npmjs.org/eslint-plugin-import/2.25.3",
    "wanted": {
      "dependentId": "firebase/examples",
      "name": "eslint-plugin-import",
      "rawSpec": "^2.25.2"
    }
  },
  "49 debug pnpm:progress": {
    "packageId": "registry.npmjs.org/eslint-plugin-import/2.25.3",
    "requester": "/home/luke/code/vueauth",
    "status": "resolved"
  },
  "50 debug pnpm:progress": {
    "packageId": "registry.npmjs.org/eslint-plugin-import/2.25.3",
    "requester": "/home/luke/code/vueauth",
    "status": "found_in_store"
  },
  "51 debug pnpm:_dependency_resolved": {
    "resolution": "registry.npmjs.org/lodash/4.17.21",
    "wanted": {
      "dependentId": "sanctum/test-api",
      "name": "lodash",
      "rawSpec": "^4.17.19"
    }
  },
  "52 debug pnpm:progress": {
    "packageId": "registry.npmjs.org/lodash/4.17.21",
    "requester": "/home/luke/code/vueauth",
    "status": "resolved"
  },
  "53 debug pnpm:progress": {
    "packageId": "registry.npmjs.org/lodash/4.17.21",
    "requester": "/home/luke/code/vueauth",
    "status": "found_in_store"
  },
  "54 debug pnpm:_dependency_resolved": {
    "resolution": "registry.npmjs.org/postcss-import/12.0.1",
    "wanted": {
      "dependentId": "sanctum/test-api/vendor/facade/ignition",
      "name": "postcss-import",
      "rawSpec": "^12.0.1"
    }
  },
  "55 debug pnpm:progress": {
    "packageId": "registry.npmjs.org/postcss-import/12.0.1",
    "requester": "/home/luke/code/vueauth",
    "status": "resolved"
  },
  "56 debug pnpm:progress": {
    "packageId": "registry.npmjs.org/postcss-import/12.0.1",
    "requester": "/home/luke/code/vueauth",
    "status": "found_in_store"
  },
  "57 debug pnpm:_dependency_resolved": {
    "resolution": "registry.npmjs.org/husky/1.3.1",
    "wanted": {
      "dependentId": "sanctum/test-api/vendor/facade/ignition",
      "name": "husky",
      "rawSpec": "^1.3.1"
    }
  },
  "58 debug pnpm:progress": {
    "packageId": "registry.npmjs.org/husky/1.3.1",
    "requester": "/home/luke/code/vueauth",
    "status": "resolved"
  },
  "59 debug pnpm:progress": {
    "packageId": "registry.npmjs.org/husky/1.3.1",
    "requester": "/home/luke/code/vueauth",
    "status": "found_in_store"
  },
  "60 debug pnpm:_dependency_resolved": {
    "resolution": "registry.npmjs.org/postcss-loader/3.0.0",
    "wanted": {
      "dependentId": "sanctum/test-api/vendor/facade/ignition",
      "name": "postcss-loader",
      "rawSpec": "^3.0.0"
    }
  },
  "61 debug pnpm:progress": {
    "packageId": "registry.npmjs.org/postcss-loader/3.0.0",
    "requester": "/home/luke/code/vueauth",
    "status": "resolved"
  },
  "62 debug pnpm:progress": {
    "packageId": "registry.npmjs.org/postcss-loader/3.0.0",
    "requester": "/home/luke/code/vueauth",
    "status": "found_in_store"
  },
  "63 debug pnpm:_dependency_resolved": {
    "resolution": "registry.npmjs.org/@vitejs/plugin-vue/1.10.2",
    "wanted": {
      "dependentId": "firebase/examples",
      "name": "@vitejs/plugin-vue",
      "rawSpec": "^1.9.3"
    }
  },
  "64 debug pnpm:progress": {
    "packageId": "registry.npmjs.org/@vitejs/plugin-vue/1.10.2",
    "requester": "/home/luke/code/vueauth",
    "status": "resolved"
  },
  "65 debug pnpm:progress": {
    "packageId": "registry.npmjs.org/@vitejs/plugin-vue/1.10.2",
    "requester": "/home/luke/code/vueauth",
    "status": "found_in_store"
  },
  "66 debug pnpm:_dependency_resolved": {
    "resolution": "registry.npmjs.org/prettier/1.19.1",
    "wanted": {
      "dependentId": "sanctum/test-api/vendor/facade/ignition",
      "name": "prettier",
      "rawSpec": "^1.16.4"
    }
  },
  "67 debug pnpm:progress": {
    "packageId": "registry.npmjs.org/prettier/1.19.1",
    "requester": "/home/luke/code/vueauth",
    "status": "resolved"
  },
  "68 debug pnpm:progress": {
    "packageId": "registry.npmjs.org/prettier/1.19.1",
    "requester": "/home/luke/code/vueauth",
    "status": "found_in_store"
  },
  "69 debug pnpm:_dependency_resolved": {
    "resolution": "registry.npmjs.org/lint-staged/8.2.1",
    "wanted": {
      "dependentId": "sanctum/test-api/vendor/facade/ignition",
      "name": "lint-staged",
      "rawSpec": "^8.1.5"
    }
  },
  "70 debug pnpm:progress": {
    "packageId": "registry.npmjs.org/lint-staged/8.2.1",
    "requester": "/home/luke/code/vueauth",
    "status": "resolved"
  },
  "71 debug pnpm:_dependency_resolved": {
    "resolution": "registry.npmjs.org/@babel/preset-env/7.16.4",
    "wanted": {
      "dependentId": "sanctum/test-api/vendor/facade/ignition",
      "name": "@babel/preset-env",
      "rawSpec": "^7.4.5"
    }
  },
  "72 debug pnpm:progress": {
    "packageId": "registry.npmjs.org/@babel/preset-env/7.16.4",
    "requester": "/home/luke/code/vueauth",
    "status": "resolved"
  },
  "73 debug pnpm:_dependency_resolved": {
    "resolution": "registry.npmjs.org/vue/2.6.14",
    "wanted": {
      "dependentId": "sanctum/test-api/vendor/facade/ignition",
      "name": "vue",
      "rawSpec": "^2.6.10"
    }
  },
  "74 debug pnpm:progress": {
    "packageId": "registry.npmjs.org/vue/2.6.14",
    "requester": "/home/luke/code/vueauth",
    "status": "resolved"
  },
  "75 debug pnpm:progress": {
    "packageId": "registry.npmjs.org/lint-staged/8.2.1",
    "requester": "/home/luke/code/vueauth",
    "status": "found_in_store"
  },
  "76 debug pnpm:progress": {
    "packageId": "registry.npmjs.org/@babel/preset-env/7.16.4",
    "requester": "/home/luke/code/vueauth",
    "status": "found_in_store"
  },
  "77 debug pnpm:progress": {
    "packageId": "registry.npmjs.org/vue/2.6.14",
    "requester": "/home/luke/code/vueauth",
    "status": "found_in_store"
  },
  "78 debug pnpm:_dependency_resolved": {
    "resolution": "registry.npmjs.org/postcss-preset-env/6.7.0",
    "wanted": {
      "dependentId": "sanctum/test-api/vendor/facade/ignition",
      "name": "postcss-preset-env",
      "rawSpec": "^6.6.0"
    }
  },
  "79 debug pnpm:progress": {
    "packageId": "registry.npmjs.org/postcss-preset-env/6.7.0",
    "requester": "/home/luke/code/vueauth",
    "status": "resolved"
  },
  "80 debug pnpm:progress": {
    "packageId": "registry.npmjs.org/postcss-preset-env/6.7.0",
    "requester": "/home/luke/code/vueauth",
    "status": "found_in_store"
  },
  "81 debug pnpm:_dependency_resolved": {
    "resolution": "registry.npmjs.org/@babel/core/7.16.0",
    "wanted": {
      "dependentId": "sanctum/test-api/vendor/facade/ignition",
      "name": "@babel/core",
      "rawSpec": "^7.4.5"
    }
  },
  "82 debug pnpm:progress": {
    "packageId": "registry.npmjs.org/@babel/core/7.16.0",
    "requester": "/home/luke/code/vueauth",
    "status": "resolved"
  },
  "83 debug pnpm:_dependency_resolved": {
    "resolution": "registry.npmjs.org/@types/lodash/4.14.178",
    "wanted": {
      "dependentId": "sanctum/test-api/vendor/facade/ignition",
      "name": "@types/lodash",
      "rawSpec": "^4.14.133"
    }
  },
  "84 debug pnpm:progress": {
    "packageId": "registry.npmjs.org/@types/lodash/4.14.178",
    "requester": "/home/luke/code/vueauth",
    "status": "resolved"
  },
  "85 debug pnpm:progress": {
    "packageId": "registry.npmjs.org/@babel/core/7.16.0",
    "requester": "/home/luke/code/vueauth",
    "status": "found_in_store"
  },
  "86 debug pnpm:progress": {
    "packageId": "registry.npmjs.org/@types/lodash/4.14.178",
    "requester": "/home/luke/code/vueauth",
    "status": "found_in_store"
  },
  "87 debug pnpm:_dependency_resolved": {
    "resolution": "registry.npmjs.org/@fullhuman/postcss-purgecss/1.3.0",
    "wanted": {
      "dependentId": "sanctum/test-api/vendor/facade/ignition",
      "name": "@fullhuman/postcss-purgecss",
      "rawSpec": "^1.1.0"
    }
  },
  "88 debug pnpm:progress": {
    "packageId": "registry.npmjs.org/@fullhuman/postcss-purgecss/1.3.0",
    "requester": "/home/luke/code/vueauth",
    "status": "resolved"
  },
  "89 debug pnpm:progress": {
    "packageId": "registry.npmjs.org/@fullhuman/postcss-purgecss/1.3.0",
    "requester": "/home/luke/code/vueauth",
    "status": "found_in_store"
  },
  "90 debug pnpm:_dependency_resolved": {
    "resolution": "registry.npmjs.org/jest/24.9.0",
    "wanted": {
      "dependentId": "sanctum/test-api/vendor/facade/ignition",
      "name": "jest",
      "rawSpec": "^24.8.0"
    }
  },
  "91 debug pnpm:progress": {
    "packageId": "registry.npmjs.org/jest/24.9.0",
    "requester": "/home/luke/code/vueauth",
    "status": "resolved"
  },
  "92 debug pnpm:progress": {
    "packageId": "registry.npmjs.org/jest/24.9.0",
    "requester": "/home/luke/code/vueauth",
    "status": "found_in_store"
  },
  "93 debug pnpm:_dependency_resolved": {
    "resolution": "registry.npmjs.org/webpack-cli/3.3.12",
    "wanted": {
      "dependentId": "sanctum/test-api/vendor/facade/ignition",
      "name": "webpack-cli",
      "rawSpec": "^3.3.5"
    }
  },
  "94 debug pnpm:progress": {
    "packageId": "registry.npmjs.org/webpack-cli/3.3.12",
    "requester": "/home/luke/code/vueauth",
    "status": "resolved"
  },
  "95 debug pnpm:_dependency_resolved": {
    "resolution": "registry.npmjs.org/lodash/4.17.21",
    "wanted": {
      "dependentId": "sanctum/test-api/vendor/facade/ignition",
      "name": "lodash",
      "rawSpec": "^4.17.21"
    }
  },
  "96 debug pnpm:progress": {
    "packageId": "registry.npmjs.org/webpack-cli/3.3.12",
    "requester": "/home/luke/code/vueauth",
    "status": "found_in_store"
  },
  "97 debug pnpm:_dependency_resolved": {
    "resolution": "registry.npmjs.org/postcss/8.4.4",
    "wanted": {
      "dependentId": "sanctum/test-api",
      "name": "postcss",
      "rawSpec": "^8.1.14"
    }
  },
  "98 debug pnpm:progress": {
    "packageId": "registry.npmjs.org/postcss/8.4.4",
    "requester": "/home/luke/code/vueauth",
    "status": "resolved"
  },
  "99 debug pnpm:progress": {
    "packageId": "registry.npmjs.org/postcss/8.4.4",
    "requester": "/home/luke/code/vueauth",
    "status": "found_in_store"
  },
  "100 debug pnpm:_dependency_resolved": {
    "resolution": "registry.npmjs.org/vue-template-compiler/2.6.14",
    "wanted": {
      "dependentId": "sanctum/test-api/vendor/facade/ignition",
      "name": "vue-template-compiler",
      "rawSpec": "^2.6.10"
    }
  },
  "101 debug pnpm:progress": {
    "packageId": "registry.npmjs.org/vue-template-compiler/2.6.14",
    "requester": "/home/luke/code/vueauth",
    "status": "resolved"
  },
  "102 debug pnpm:_dependency_resolved": {
    "resolution": "registry.npmjs.org/git-url-parse/11.6.0",
    "wanted": {
      "dependentId": "sanctum/test-api/vendor/facade/ignition",
      "name": "git-url-parse",
      "rawSpec": "^11.1.2"
    }
  },
  "103 debug pnpm:progress": {
    "packageId": "registry.npmjs.org/git-url-parse/11.6.0",
    "requester": "/home/luke/code/vueauth",
    "status": "resolved"
  },
  "104 debug pnpm:_dependency_resolved": {
    "resolution": "registry.npmjs.org/axios/0.21.4",
    "wanted": {
      "dependentId": "sanctum/test-api/vendor/laravel/horizon",
      "name": "axios",
      "rawSpec": "^0.21.1"
    }
  },
  "105 debug pnpm:_dependency_resolved": {
    "resolution": "registry.npmjs.org/css-loader/3.6.0",
    "wanted": {
      "dependentId": "sanctum/test-api/vendor/facade/ignition",
      "name": "css-loader",
      "rawSpec": "^3.0.0"
    }
  },
  "106 debug pnpm:progress": {
    "packageId": "registry.npmjs.org/css-loader/3.6.0",
    "requester": "/home/luke/code/vueauth",
    "status": "resolved"
  },
  "107 debug pnpm:_dependency_resolved": {
    "resolution": "registry.npmjs.org/vue-loader/15.9.8",
    "wanted": {
      "dependentId": "sanctum/test-api/vendor/facade/ignition",
      "name": "vue-loader",
      "rawSpec": "^15.7.0"
    }
  },
  "108 debug pnpm:progress": {
    "packageId": "registry.npmjs.org/vue-loader/15.9.8",
    "requester": "/home/luke/code/vueauth",
    "status": "resolved"
  },
  "109 debug pnpm:progress": {
    "packageId": "registry.npmjs.org/vue-template-compiler/2.6.14",
    "requester": "/home/luke/code/vueauth",
    "status": "found_in_store"
  },
  "110 debug pnpm:progress": {
    "packageId": "registry.npmjs.org/git-url-parse/11.6.0",
    "requester": "/home/luke/code/vueauth",
    "status": "found_in_store"
  },
  "111 debug pnpm:progress": {
    "packageId": "registry.npmjs.org/css-loader/3.6.0",
    "requester": "/home/luke/code/vueauth",
    "status": "found_in_store"
  },
  "112 debug pnpm:progress": {
    "packageId": "registry.npmjs.org/vue-loader/15.9.8",
    "requester": "/home/luke/code/vueauth",
    "status": "found_in_store"
  },
  "113 debug pnpm:_dependency_resolved": {
    "resolution": "registry.npmjs.org/md5/2.3.0",
    "wanted": {
      "dependentId": "sanctum/test-api/vendor/facade/ignition",
      "name": "md5",
      "rawSpec": "^2.2.1"
    }
  },
  "114 debug pnpm:progress": {
    "packageId": "registry.npmjs.org/md5/2.3.0",
    "requester": "/home/luke/code/vueauth",
    "status": "resolved"
  },
  "115 debug pnpm:_dependency_resolved": {
    "resolution": "registry.npmjs.org/style-loader/0.23.1",
    "wanted": {
      "dependentId": "sanctum/test-api/vendor/facade/ignition",
      "name": "style-loader",
      "rawSpec": "^0.23.1"
    }
  },
  "116 debug pnpm:progress": {
    "packageId": "registry.npmjs.org/style-loader/0.23.1",
    "requester": "/home/luke/code/vueauth",
    "status": "resolved"
  },
  "117 debug pnpm:progress": {
    "packageId": "registry.npmjs.org/md5/2.3.0",
    "requester": "/home/luke/code/vueauth",
    "status": "found_in_store"
  },
  "118 debug pnpm:progress": {
    "packageId": "registry.npmjs.org/style-loader/0.23.1",
    "requester": "/home/luke/code/vueauth",
    "status": "found_in_store"
  },
  "119 debug pnpm:_dependency_resolved": {
    "resolution": "registry.npmjs.org/bootstrap/4.6.1",
    "wanted": {
      "dependentId": "sanctum/test-api/vendor/laravel/horizon",
      "name": "bootstrap",
      "rawSpec": "^4.3.1"
    }
  },
  "120 debug pnpm:progress": {
    "packageId": "registry.npmjs.org/bootstrap/4.6.1",
    "requester": "/home/luke/code/vueauth",
    "status": "resolved"
  },
  "121 debug pnpm:_dependency_resolved": {
    "resolution": "registry.npmjs.org/lodash/4.17.21",
    "wanted": {
      "dependentId": "sanctum/test-api/vendor/laravel/horizon",
      "name": "lodash",
      "rawSpec": "^4.17.19"
    }
  },
  "122 debug pnpm:_dependency_resolved": {
    "resolution": "registry.npmjs.org/md5/2.3.0",
    "wanted": {
      "dependentId": "sanctum/test-api/vendor/laravel/horizon",
      "name": "md5",
      "rawSpec": "^2.2.1"
    }
  },
  "123 debug pnpm:_dependency_resolved": {
    "resolution": "registry.npmjs.org/sql-formatter/2.3.4",
    "wanted": {
      "dependentId": "sanctum/test-api/vendor/facade/ignition",
      "name": "sql-formatter",
      "rawSpec": "^2.3.3"
    }
  },
  "124 debug pnpm:progress": {
    "packageId": "registry.npmjs.org/sql-formatter/2.3.4",
    "requester": "/home/luke/code/vueauth",
    "status": "resolved"
  },
  "125 debug pnpm:progress": {
    "packageId": "registry.npmjs.org/bootstrap/4.6.1",
    "requester": "/home/luke/code/vueauth",
    "status": "found_in_store"
  },
  "126 debug pnpm:progress": {
    "packageId": "registry.npmjs.org/sql-formatter/2.3.4",
    "requester": "/home/luke/code/vueauth",
    "status": "found_in_store"
  },
  "127 debug pnpm:_dependency_resolved": {
    "resolution": "registry.npmjs.org/vite/2.7.1",
    "wanted": {
      "dependentId": "firebase/examples",
      "name": "vite",
      "rawSpec": "^2.6.4"
    }
  },
  "128 debug pnpm:progress": {
    "packageId": "registry.npmjs.org/vite/2.7.1",
    "requester": "/home/luke/code/vueauth",
    "status": "resolved"
  },
  "129 debug pnpm:_dependency_resolved": {
    "resolution": "registry.npmjs.org/markdown-it/9.1.0",
    "wanted": {
      "dependentId": "sanctum/test-api/vendor/facade/ignition",
      "name": "markdown-it",
      "rawSpec": "^9.0.1"
    }
  },
  "130 debug pnpm:progress": {
    "packageId": "registry.npmjs.org/markdown-it/9.1.0",
    "requester": "/home/luke/code/vueauth",
    "status": "resolved"
  },
  "131 debug pnpm:_dependency_resolved": {
    "resolution": "registry.npmjs.org/tailwindcss/1.9.6",
    "wanted": {
      "dependentId": "sanctum/test-api/vendor/facade/ignition",
      "name": "tailwindcss",
      "rawSpec": "^1.0.4"
    }
  },
  "132 debug pnpm:progress": {
    "packageId": "registry.npmjs.org/tailwindcss/1.9.6",
    "requester": "/home/luke/code/vueauth",
    "status": "resolved"
  },
  "133 debug pnpm:_dependency_resolved": {
    "resolution": "registry.npmjs.org/jquery/3.6.0",
    "wanted": {
      "dependentId": "sanctum/test-api/vendor/laravel/horizon",
      "name": "jquery",
      "rawSpec": "^3.5.0"
    }
  },
  "134 debug pnpm:progress": {
    "packageId": "registry.npmjs.org/jquery/3.6.0",
    "requester": "/home/luke/code/vueauth",
    "status": "resolved"
  },
  "135 debug pnpm:progress": {
    "packageId": "registry.npmjs.org/vite/2.7.1",
    "requester": "/home/luke/code/vueauth",
    "status": "found_in_store"
  },
  "136 debug pnpm:progress": {
    "packageId": "registry.npmjs.org/markdown-it/9.1.0",
    "requester": "/home/luke/code/vueauth",
    "status": "found_in_store"
  },
  "137 debug pnpm:progress": {
    "packageId": "registry.npmjs.org/tailwindcss/1.9.6",
    "requester": "/home/luke/code/vueauth",
    "status": "found_in_store"
  },
  "138 debug pnpm:progress": {
    "packageId": "registry.npmjs.org/jquery/3.6.0",
    "requester": "/home/luke/code/vueauth",
    "status": "found_in_store"
  },
  "139 debug pnpm:_dependency_resolved": {
    "resolution": "registry.npmjs.org/phpunserialize/1.0.1",
    "wanted": {
      "dependentId": "sanctum/test-api/vendor/laravel/horizon",
      "name": "phpunserialize",
      "rawSpec": "1.*"
    }
  },
  "140 debug pnpm:progress": {
    "packageId": "registry.npmjs.org/phpunserialize/1.0.1",
    "requester": "/home/luke/code/vueauth",
    "status": "resolved"
  },
  "141 debug pnpm:progress": {
    "packageId": "registry.npmjs.org/phpunserialize/1.0.1",
    "requester": "/home/luke/code/vueauth",
    "status": "found_in_store"
  },
  "142 debug pnpm:_dependency_resolved": {
    "resolution": "registry.npmjs.org/moment-timezone/0.5.34",
    "wanted": {
      "dependentId": "sanctum/test-api/vendor/laravel/horizon",
      "name": "moment-timezone",
      "rawSpec": "^0.5.21"
    }
  },
  "143 debug pnpm:progress": {
    "packageId": "registry.npmjs.org/moment-timezone/0.5.34",
    "requester": "/home/luke/code/vueauth",
    "status": "resolved"
  },
  "144 debug pnpm:_dependency_resolved": {
    "resolution": "registry.npmjs.org/sql-formatter/4.0.2",
    "wanted": {
      "dependentId": "sanctum/test-api/vendor/laravel/horizon",
      "name": "sql-formatter",
      "rawSpec": "^4.0.2"
    }
  },
  "145 debug pnpm:progress": {
    "packageId": "registry.npmjs.org/sql-formatter/4.0.2",
    "requester": "/home/luke/code/vueauth",
    "status": "resolved"
  },
  "146 debug pnpm:_dependency_resolved": {
    "resolution": "registry.npmjs.org/vue/2.6.14",
    "wanted": {
      "dependentId": "sanctum/test-api/vendor/laravel/horizon",
      "name": "vue",
      "rawSpec": "^2.5.7"
    }
  },
  "147 debug pnpm:progress": {
    "packageId": "registry.npmjs.org/moment-timezone/0.5.34",
    "requester": "/home/luke/code/vueauth",
    "status": "found_in_store"
  },
  "148 debug pnpm:progress": {
    "packageId": "registry.npmjs.org/sql-formatter/4.0.2",
    "requester": "/home/luke/code/vueauth",
    "status": "found_in_store"
  },
  "149 debug pnpm:_dependency_resolved": {
    "resolution": "registry.npmjs.org/moment/2.29.1",
    "wanted": {
      "dependentId": "sanctum/test-api/vendor/laravel/horizon",
      "name": "moment",
      "rawSpec": "^2.10.6"
    }
  },
  "150 debug pnpm:progress": {
    "packageId": "registry.npmjs.org/moment/2.29.1",
    "requester": "/home/luke/code/vueauth",
    "status": "resolved"
  },
  "151 debug pnpm:_dependency_resolved": {
    "resolution": "registry.npmjs.org/vue-loader/15.9.8",
    "wanted": {
      "dependentId": "sanctum/test-api/vendor/laravel/horizon",
      "name": "vue-loader",
      "rawSpec": "^15.9.6"
    }
  },
  "152 debug pnpm:_dependency_resolved": {
    "resolution": "registry.npmjs.org/resolve-url-loader/3.1.4",
    "wanted": {
      "dependentId": "sanctum/test-api/vendor/laravel/horizon",
      "name": "resolve-url-loader",
      "rawSpec": "^3.1.2"
    }
  },
  "153 debug pnpm:progress": {
    "packageId": "registry.npmjs.org/resolve-url-loader/3.1.4",
    "requester": "/home/luke/code/vueauth",
    "status": "resolved"
  },
  "154 debug pnpm:_dependency_resolved": {
    "resolution": "registry.npmjs.org/vue-template-compiler/2.6.14",
    "wanted": {
      "dependentId": "sanctum/test-api/vendor/laravel/horizon",
      "name": "vue-template-compiler",
      "rawSpec": "^2.5.21"
    }
  },
  "155 debug pnpm:_dependency_resolved": {
    "resolution": "registry.npmjs.org/@vitejs/plugin-vue/1.10.2",
    "wanted": {
      "dependentId": "sanctum/examples",
      "name": "@vitejs/plugin-vue",
      "rawSpec": "^1.9.3"
    }
  },
  "156 debug pnpm:progress": {
    "packageId": "registry.npmjs.org/moment/2.29.1",
    "requester": "/home/luke/code/vueauth",
    "status": "found_in_store"
  },
  "157 debug pnpm:progress": {
    "packageId": "registry.npmjs.org/resolve-url-loader/3.1.4",
    "requester": "/home/luke/code/vueauth",
    "status": "found_in_store"
  },
  "158 debug pnpm:_dependency_resolved": {
    "resolution": "registry.npmjs.org/popper.js/1.16.1",
    "wanted": {
      "dependentId": "sanctum/test-api/vendor/laravel/horizon",
      "name": "popper.js",
      "rawSpec": "^1.12"
    }
  },
  "159 debug pnpm:deprecation": {
    "deprecated": "You can find the new Popper v2 at @popperjs/core, this package is dedicated to the legacy v1",
    "depth": 0,
    "pkgId": "registry.npmjs.org/popper.js/1.16.1",
    "pkgName": "popper.js",
    "pkgVersion": "1.16.1",
    "prefix": "/home/luke/code/vueauth/sanctum/test-api/vendor/laravel/horizon"
  },
  "160 debug pnpm:progress": {
    "packageId": "registry.npmjs.org/popper.js/1.16.1",
    "requester": "/home/luke/code/vueauth",
    "status": "resolved"
  },
  "161 debug pnpm:_dependency_resolved": {
    "resolution": "registry.npmjs.org/eslint-config-standard/16.0.3",
    "wanted": {
      "dependentId": "sanctum/examples",
      "name": "eslint-config-standard",
      "rawSpec": "^16.0.3"
    }
  },
  "162 debug pnpm:_dependency_resolved": {
    "resolution": "registry.npmjs.org/eslint-plugin-import/2.25.3",
    "wanted": {
      "dependentId": "sanctum/examples",
      "name": "eslint-plugin-import",
      "rawSpec": "^2.25.2"
    }
  },
  "163 debug pnpm:_dependency_resolved": {
    "resolution": "registry.npmjs.org/eslint-plugin-node/11.1.0",
    "wanted": {
      "dependentId": "sanctum/examples",
      "name": "eslint-plugin-node",
      "rawSpec": "^11.1.0"
    }
  },
  "164 debug pnpm:_dependency_resolved": {
    "resolution": "registry.npmjs.org/eslint-plugin-promise/5.2.0",
    "wanted": {
      "dependentId": "sanctum/examples",
      "name": "eslint-plugin-promise",
      "rawSpec": "^5.1.1"
    }
  },
  "165 debug pnpm:_dependency_resolved": {
    "resolution": "registry.npmjs.org/eslint-plugin-vue/8.2.0",
    "wanted": {
      "dependentId": "sanctum/examples",
      "name": "eslint-plugin-vue",
      "rawSpec": "^8.0.3"
    }
  },
  "166 debug pnpm:_dependency_resolved": {
    "resolution": "registry.npmjs.org/vite/2.7.1",
    "wanted": {
      "dependentId": "sanctum/examples",
      "name": "vite",
      "rawSpec": "^2.6.4"
    }
  },
  "167 debug pnpm:progress": {
    "packageId": "registry.npmjs.org/popper.js/1.16.1",
    "requester": "/home/luke/code/vueauth",
    "status": "found_in_store"
  },
  "168 debug pnpm:_dependency_resolved": {
    "resolution": "registry.npmjs.org/sass-loader/11.1.1",
    "wanted": {
      "dependentId": "sanctum/test-api/vendor/laravel/horizon",
      "name": "sass-loader",
      "rawSpec": "^11.0.1"
    }
  },
  "169 debug pnpm:progress": {
    "packageId": "registry.npmjs.org/sass-loader/11.1.1",
    "requester": "/home/luke/code/vueauth",
    "status": "resolved"
  },
  "170 debug pnpm:_dependency_resolved": {
    "resolution": "registry.npmjs.org/axios/0.24.0",
    "wanted": {
      "dependentId": "sanctum/examples",
      "name": "axios",
      "rawSpec": "^0.24.0"
    }
  },
  "171 debug pnpm:progress": {
    "packageId": "registry.npmjs.org/axios/0.24.0",
    "requester": "/home/luke/code/vueauth",
    "status": "resolved"
  },
  "172 debug pnpm:progress": {
    "packageId": "registry.npmjs.org/axios/0.24.0",
    "requester": "/home/luke/code/vueauth",
    "status": "found_in_store"
  },
  "173 debug pnpm:progress": {
    "packageId": "registry.npmjs.org/sass-loader/11.1.1",
    "requester": "/home/luke/code/vueauth",
    "status": "found_in_store"
  },
  "174 debug pnpm:_dependency_resolved": {
    "resolution": "registry.npmjs.org/highlight.js/10.7.3",
    "wanted": {
      "dependentId": "sanctum/test-api/vendor/facade/ignition",
      "name": "highlight.js",
      "rawSpec": "^10.4.1"
    }
  },
  "175 debug pnpm:progress": {
    "packageId": "registry.npmjs.org/highlight.js/10.7.3",
    "requester": "/home/luke/code/vueauth",
    "status": "resolved"
  },
  "176 debug pnpm:_dependency_resolved": {
    "resolution": "registry.npmjs.org/highlight.js/10.7.3",
    "wanted": {
      "dependentId": "sanctum/test-api/vendor/laravel/horizon",
      "name": "highlight.js",
      "rawSpec": "^10.4.1"
    }
  },
  "177 debug pnpm:_dependency_resolved": {
    "resolution": "registry.npmjs.org/vue/3.2.26",
    "wanted": {
      "dependentId": "sanctum/examples",
      "name": "vue",
      "rawSpec": "^3.2.16"
    }
  },
  "178 debug pnpm:_dependency_resolved": {
    "resolution": "registry.npmjs.org/@vitejs/plugin-vue/1.10.2",
    "wanted": {
      "dependentId": "supabase/examples",
      "name": "@vitejs/plugin-vue",
      "rawSpec": "^1.9.3"
    }
  },
  "179 debug pnpm:progress": {
    "packageId": "registry.npmjs.org/highlight.js/10.7.3",
    "requester": "/home/luke/code/vueauth",
    "status": "found_in_store"
  },
  "180 debug pnpm:_dependency_resolved": {
    "resolution": "registry.npmjs.org/vue-json-pretty/1.8.2",
    "wanted": {
      "dependentId": "sanctum/test-api/vendor/laravel/horizon",
      "name": "vue-json-pretty",
      "rawSpec": "^1.4.1"
    }
  },
  "181 debug pnpm:progress": {
    "packageId": "registry.npmjs.org/vue-json-pretty/1.8.2",
    "requester": "/home/luke/code/vueauth",
    "status": "resolved"
  },
  "182 debug pnpm:_dependency_resolved": {
    "resolution": "registry.npmjs.org/eslint-config-standard/16.0.3",
    "wanted": {
      "dependentId": "supabase/examples",
      "name": "eslint-config-standard",
      "rawSpec": "^16.0.3"
    }
  },
  "183 debug pnpm:_dependency_resolved": {
    "resolution": "registry.npmjs.org/eslint-plugin-import/2.25.3",
    "wanted": {
      "dependentId": "supabase/examples",
      "name": "eslint-plugin-import",
      "rawSpec": "^2.25.2"
    }
  },
  "184 debug pnpm:_dependency_resolved": {
    "resolution": "registry.npmjs.org/eslint-plugin-node/11.1.0",
    "wanted": {
      "dependentId": "supabase/examples",
      "name": "eslint-plugin-node",
      "rawSpec": "^11.1.0"
    }
  },
  "185 debug pnpm:_dependency_resolved": {
    "resolution": "registry.npmjs.org/eslint-plugin-promise/5.2.0",
    "wanted": {
      "dependentId": "supabase/examples",
      "name": "eslint-plugin-promise",
      "rawSpec": "^5.1.1"
    }
  },
  "186 debug pnpm:_dependency_resolved": {
    "resolution": "registry.npmjs.org/eslint-plugin-vue/8.2.0",
    "wanted": {
      "dependentId": "supabase/examples",
      "name": "eslint-plugin-vue",
      "rawSpec": "^8.0.3"
    }
  },
  "187 debug pnpm:_dependency_resolved": {
    "resolution": "registry.npmjs.org/vite/2.7.1",
    "wanted": {
      "dependentId": "supabase/examples",
      "name": "vite",
      "rawSpec": "^2.6.4"
    }
  },
  "188 debug pnpm:progress": {
    "packageId": "registry.npmjs.org/vue-json-pretty/1.8.2",
    "requester": "/home/luke/code/vueauth",
    "status": "found_in_store"
  },
  "189 debug pnpm:_dependency_resolved": {
    "resolution": "registry.npmjs.org/chart.js/2.9.4",
    "wanted": {
      "dependentId": "sanctum/test-api/vendor/laravel/horizon",
      "name": "chart.js",
      "rawSpec": "^2.5.0"
    }
  },
  "190 debug pnpm:progress": {
    "packageId": "registry.npmjs.org/chart.js/2.9.4",
    "requester": "/home/luke/code/vueauth",
    "status": "resolved"
  },
  "191 debug pnpm:progress": {
    "packageId": "registry.npmjs.org/chart.js/2.9.4",
    "requester": "/home/luke/code/vueauth",
    "status": "found_in_store"
  },
  "192 debug pnpm:_dependency_resolved": {
    "resolution": "registry.npmjs.org/sanctum/1.9.0",
    "wanted": {
      "dependentId": "sanctum/examples",
      "name": "sanctum",
      "rawSpec": "^1.0.0-alpha.8"
    }
  },
  "193 debug pnpm:progress": {
    "packageId": "registry.npmjs.org/sanctum/1.9.0",
    "requester": "/home/luke/code/vueauth",
    "status": "resolved"
  },
  "194 debug pnpm:_dependency_resolved": {
    "resolution": "registry.npmjs.org/vue/3.2.26",
    "wanted": {
      "dependentId": "supabase/examples",
      "name": "vue",
      "rawSpec": "^3.2.16"
    }
  },
  "195 debug pnpm:progress": {
    "packageId": "registry.npmjs.org/sanctum/1.9.0",
    "requester": "/home/luke/code/vueauth",
    "status": "found_in_store"
  },
  "196 debug pnpm:_dependency_resolved": {
    "resolution": "registry.npmjs.org/vue-router/4.0.12",
    "wanted": {
      "dependentId": "firebase/examples",
      "name": "vue-router",
      "rawSpec": "4"
    }
  },
  "197 debug pnpm:progress": {
    "packageId": "registry.npmjs.org/vue-router/4.0.12",
    "requester": "/home/luke/code/vueauth",
    "status": "resolved"
  },
  "198 debug pnpm:_dependency_resolved": {
    "resolution": "registry.npmjs.org/vue-router/3.5.3",
    "wanted": {
      "dependentId": "sanctum/test-api/vendor/laravel/horizon",
      "name": "vue-router",
      "rawSpec": "^3.0.1"
    }
  },
  "199 debug pnpm:progress": {
    "packageId": "registry.npmjs.org/vue-router/3.5.3",
    "requester": "/home/luke/code/vueauth",
    "status": "resolved"
  },
  "200 debug pnpm:_dependency_resolved": {
    "resolution": "registry.npmjs.org/vue-router/4.0.12",
    "wanted": {
      "dependentId": "sanctum/examples",
      "name": "vue-router",
      "rawSpec": "4"
    }
  },
  "201 debug pnpm:_dependency_resolved": {
    "resolution": "registry.npmjs.org/vue-router/4.0.12",
    "wanted": {
      "dependentId": "supabase/examples",
      "name": "vue-router",
      "rawSpec": "4"
    }
  },
  "202 debug pnpm:_dependency_resolved": {
    "resolution": "registry.npmjs.org/@babel/core/7.16.0",
    "wanted": {
      "dependentId": "core",
      "name": "@babel/core",
      "rawSpec": "^7.15.8"
    }
  },
  "203 debug pnpm:_dependency_resolved": {
    "resolution": "registry.npmjs.org/@babel/preset-env/7.16.4",
    "wanted": {
      "dependentId": "core",
      "name": "@babel/preset-env",
      "rawSpec": "^7.15.8"
    }
  },
  "204 debug pnpm:_dependency_resolved": {
    "resolution": "registry.npmjs.org/eslint/7.32.0",
    "wanted": {
      "dependentId": "firebase/examples",
      "name": "eslint",
      "rawSpec": "^7.0.0"
    }
  },
  "205 debug pnpm:progress": {
    "packageId": "registry.npmjs.org/eslint/7.32.0",
    "requester": "/home/luke/code/vueauth",
    "status": "resolved"
  },
  "206 debug pnpm:_dependency_resolved": {
    "resolution": "registry.npmjs.org/eslint/7.32.0",
    "wanted": {
      "dependentId": "sanctum/examples",
      "name": "eslint",
      "rawSpec": "^7.0.0"
    }
  },
  "207 debug pnpm:_dependency_resolved": {
    "resolution": "registry.npmjs.org/eslint/7.32.0",
    "wanted": {
      "dependentId": "supabase/examples",
      "name": "eslint",
      "rawSpec": "^7.0.0"
    }
  },
  "208 debug pnpm:progress": {
    "packageId": "registry.npmjs.org/vue-router/4.0.12",
    "requester": "/home/luke/code/vueauth",
    "status": "found_in_store"
  },
  "209 debug pnpm:progress": {
    "packageId": "registry.npmjs.org/vue-router/3.5.3",
    "requester": "/home/luke/code/vueauth",
    "status": "found_in_store"
  },
  "210 debug pnpm:progress": {
    "packageId": "registry.npmjs.org/eslint/7.32.0",
    "requester": "/home/luke/code/vueauth",
    "status": "found_in_store"
  },
  "211 debug pnpm:_dependency_resolved": {
    "resolution": "registry.npmjs.org/@rollup/plugin-babel/5.3.0",
    "wanted": {
      "dependentId": "core",
      "name": "@rollup/plugin-babel",
      "rawSpec": "^5.3.0"
    }
  },
  "212 debug pnpm:progress": {
    "packageId": "registry.npmjs.org/@rollup/plugin-babel/5.3.0",
    "requester": "/home/luke/code/vueauth",
    "status": "resolved"
  },
  "213 debug pnpm:progress": {
    "packageId": "registry.npmjs.org/@rollup/plugin-babel/5.3.0",
    "requester": "/home/luke/code/vueauth",
    "status": "found_in_store"
  },
  "214 debug pnpm:_dependency_resolved": {
    "resolution": "registry.npmjs.org/sass/1.45.0",
    "wanted": {
      "dependentId": "sanctum/test-api/vendor/laravel/horizon",
      "name": "sass",
      "rawSpec": "^1.26.3"
    }
  },
  "215 debug pnpm:progress": {
    "packageId": "registry.npmjs.org/sass/1.45.0",
    "requester": "/home/luke/code/vueauth",
    "status": "resolved"
  },
  "216 debug pnpm:_dependency_resolved": {
    "resolution": "registry.npmjs.org/eslint/7.32.0",
    "wanted": {
      "dependentId": "core",
      "name": "eslint",
      "rawSpec": "^7.0.0"
    }
  },
  "217 debug pnpm:_dependency_resolved": {
    "resolution": "registry.npmjs.org/eslint-config-standard/16.0.3",
    "wanted": {
      "dependentId": "core",
      "name": "eslint-config-standard",
      "rawSpec": "^16.0.3"
    }
  },
  "218 debug pnpm:_dependency_resolved": {
    "resolution": "registry.npmjs.org/eslint-plugin-import/2.25.3",
    "wanted": {
      "dependentId": "core",
      "name": "eslint-plugin-import",
      "rawSpec": "^2.25.2"
    }
  },
  "219 debug pnpm:_dependency_resolved": {
    "resolution": "registry.npmjs.org/eslint-plugin-node/11.1.0",
    "wanted": {
      "dependentId": "core",
      "name": "eslint-plugin-node",
      "rawSpec": "^11.1.0"
    }
  },
  "220 debug pnpm:_dependency_resolved": {
    "resolution": "registry.npmjs.org/eslint-plugin-promise/5.2.0",
    "wanted": {
      "dependentId": "core",
      "name": "eslint-plugin-promise",
      "rawSpec": "^5.1.1"
    }
  },
  "221 debug pnpm:progress": {
    "packageId": "registry.npmjs.org/sass/1.45.0",
    "requester": "/home/luke/code/vueauth",
    "status": "found_in_store"
  },
  "222 debug pnpm:_dependency_resolved": {
    "resolution": "registry.npmjs.org/@rollup/plugin-commonjs/21.0.1",
    "wanted": {
      "dependentId": "core",
      "name": "@rollup/plugin-commonjs",
      "rawSpec": "^21.0.1"
    }
  },
  "223 debug pnpm:progress": {
    "packageId": "registry.npmjs.org/@rollup/plugin-commonjs/21.0.1",
    "requester": "/home/luke/code/vueauth",
    "status": "resolved"
  },
  "224 debug pnpm:progress": {
    "packageId": "registry.npmjs.org/@rollup/plugin-commonjs/21.0.1",
    "requester": "/home/luke/code/vueauth",
    "status": "found_in_store"
  },
  "225 debug pnpm:_dependency_resolved": {
    "resolution": "registry.npmjs.org/@rollup/plugin-typescript/8.3.0",
    "wanted": {
      "dependentId": "core",
      "name": "@rollup/plugin-typescript",
      "rawSpec": "^8.3.0"
    }
  },
  "226 debug pnpm:progress": {
    "packageId": "registry.npmjs.org/@rollup/plugin-typescript/8.3.0",
    "requester": "/home/luke/code/vueauth",
    "status": "resolved"
  },
  "227 debug pnpm:progress": {
    "packageId": "registry.npmjs.org/@rollup/plugin-typescript/8.3.0",
    "requester": "/home/luke/code/vueauth",
    "status": "found_in_store"
  },
  "228 debug pnpm:_dependency_resolved": {
    "resolution": "link:..",
    "wanted": {
      "dependentId": "supabase/examples",
      "name": "@vueauth/supabase",
      "rawSpec": "^1.0.0-alpha.1"
    }
  },
  "229 debug pnpm:_dependency_resolved": {
    "resolution": "registry.npmjs.org/@rollup/plugin-node-resolve/13.0.6",
    "wanted": {
      "dependentId": "core",
      "name": "@rollup/plugin-node-resolve",
      "rawSpec": "^13.0.6"
    }
  },
  "230 debug pnpm:progress": {
    "packageId": "registry.npmjs.org/@rollup/plugin-node-resolve/13.0.6",
    "requester": "/home/luke/code/vueauth",
    "status": "resolved"
  },
  "231 debug pnpm:_dependency_resolved": {
    "resolution": "registry.npmjs.org/axios/0.24.0",
    "wanted": {
      "dependentId": "core",
      "name": "axios",
      "rawSpec": "^0.24.0"
    }
  },
  "232 debug pnpm:progress": {
    "packageId": "registry.npmjs.org/@rollup/plugin-node-resolve/13.0.6",
    "requester": "/home/luke/code/vueauth",
    "status": "found_in_store"
  },
  "233 debug pnpm:_dependency_resolved": {
    "resolution": "registry.npmjs.org/tslib/2.3.1",
    "wanted": {
      "dependentId": "core",
      "name": "tslib",
      "rawSpec": "^2.3.1"
    }
  },
  "234 debug pnpm:progress": {
    "packageId": "registry.npmjs.org/tslib/2.3.1",
    "requester": "/home/luke/code/vueauth",
    "status": "resolved"
  },
  "235 debug pnpm:progress": {
    "packageId": "registry.npmjs.org/tslib/2.3.1",
    "requester": "/home/luke/code/vueauth",
    "status": "found_in_store"
  },
  "236 debug pnpm:_dependency_resolved": {
    "resolution": "registry.npmjs.org/vuepress/2.0.0-beta.27",
    "wanted": {
      "dependentId": ".",
      "name": "vuepress",
      "rawSpec": "^2.0.0-beta.27"
    }
  },
  "237 debug pnpm:progress": {
    "packageId": "registry.npmjs.org/vuepress/2.0.0-beta.27",
    "requester": "/home/luke/code/vueauth",
    "status": "resolved"
  },
  "238 debug pnpm:progress": {
    "packageId": "registry.npmjs.org/vuepress/2.0.0-beta.27",
    "requester": "/home/luke/code/vueauth",
    "status": "found_in_store"
  },
  "239 debug pnpm:_dependency_resolved": {
    "resolution": "registry.npmjs.org/@vuepress/bundler-vite/2.0.0-beta.27",
    "wanted": {
      "dependentId": ".",
      "name": "@vuepress/bundler-vite",
      "rawSpec": "^2.0.0-beta.27"
    }
  },
  "240 debug pnpm:progress": {
    "packageId": "registry.npmjs.org/@vuepress/bundler-vite/2.0.0-beta.27",
    "requester": "/home/luke/code/vueauth",
    "status": "resolved"
  },
  "241 debug pnpm:_dependency_resolved": {
    "resolution": "registry.npmjs.org/vue-router/4.0.12",
    "wanted": {
      "dependentId": "core",
      "name": "vue-router",
      "rawSpec": "^4.0.0"
    }
  },
  "242 debug pnpm:_dependency_resolved": {
    "resolution": "registry.npmjs.org/@babel/core/7.16.0",
    "wanted": {
      "dependentId": "sanctum",
      "name": "@babel/core",
      "rawSpec": "^7.16.0"
    }
  },
  "243 debug pnpm:_dependency_resolved": {
    "resolution": "registry.npmjs.org/@babel/preset-env/7.16.4",
    "wanted": {
      "dependentId": "sanctum",
      "name": "@babel/preset-env",
      "rawSpec": "^7.16.4"
    }
  },
  "244 debug pnpm:_dependency_resolved": {
    "resolution": "registry.npmjs.org/@rollup/plugin-babel/5.3.0",
    "wanted": {
      "dependentId": "sanctum",
      "name": "@rollup/plugin-babel",
      "rawSpec": "^5.3.0"
    }
  },
  "245 debug pnpm:_dependency_resolved": {
    "resolution": "registry.npmjs.org/@rollup/plugin-commonjs/21.0.1",
    "wanted": {
      "dependentId": "sanctum",
      "name": "@rollup/plugin-commonjs",
      "rawSpec": "^21.0.1"
    }
  },
  "246 debug pnpm:_dependency_resolved": {
    "resolution": "registry.npmjs.org/@rollup/plugin-node-resolve/13.0.6",
    "wanted": {
      "dependentId": "sanctum",
      "name": "@rollup/plugin-node-resolve",
      "rawSpec": "^13.0.6"
    }
  },
  "247 debug pnpm:_dependency_resolved": {
    "resolution": "registry.npmjs.org/@rollup/plugin-typescript/8.3.0",
    "wanted": {
      "dependentId": "sanctum",
      "name": "@rollup/plugin-typescript",
      "rawSpec": "^8.3.0"
    }
  },
  "248 debug pnpm:progress": {
    "packageId": "registry.npmjs.org/@vuepress/bundler-vite/2.0.0-beta.27",
    "requester": "/home/luke/code/vueauth",
    "status": "found_in_store"
  },
  "249 debug pnpm:_dependency_resolved": {
    "resolution": "registry.npmjs.org/vue-demi/0.11.4",
    "wanted": {
      "dependentId": "core",
      "name": "vue-demi",
      "rawSpec": "^0.11.4"
    }
  },
  "250 debug pnpm:progress": {
    "packageId": "registry.npmjs.org/vue-demi/0.11.4",
    "requester": "/home/luke/code/vueauth",
    "status": "resolved"
  },
  "251 debug pnpm:progress": {
    "packageId": "registry.npmjs.org/vue-demi/0.11.4",
    "requester": "/home/luke/code/vueauth",
    "status": "found_in_store"
  },
  "252 debug pnpm:_dependency_resolved": {
    "resolution": "registry.npmjs.org/vue-composable/1.0.0-beta.24",
    "wanted": {
      "dependentId": "core",
      "name": "vue-composable",
      "rawSpec": "^1.0.0-beta.24"
    }
  },
  "253 debug pnpm:progress": {
    "packageId": "registry.npmjs.org/vue-composable/1.0.0-beta.24",
    "requester": "/home/luke/code/vueauth",
    "status": "resolved"
  },
  "254 debug pnpm:_dependency_resolved": {
    "resolution": "registry.npmjs.org/eslint/7.32.0",
    "wanted": {
      "dependentId": "sanctum",
      "name": "eslint",
      "rawSpec": "^7.32.0"
    }
  },
  "255 debug pnpm:_dependency_resolved": {
    "resolution": "registry.npmjs.org/eslint-config-standard/16.0.3",
    "wanted": {
      "dependentId": "sanctum",
      "name": "eslint-config-standard",
      "rawSpec": "^16.0.3"
    }
  },
  "256 debug pnpm:_dependency_resolved": {
    "resolution": "registry.npmjs.org/eslint-plugin-import/2.25.3",
    "wanted": {
      "dependentId": "sanctum",
      "name": "eslint-plugin-import",
      "rawSpec": "^2.25.3"
    }
  },
  "257 debug pnpm:_dependency_resolved": {
    "resolution": "registry.npmjs.org/eslint-plugin-node/11.1.0",
    "wanted": {
      "dependentId": "sanctum",
      "name": "eslint-plugin-node",
      "rawSpec": "^11.1.0"
    }
  },
  "258 error pnpm": {
    "code": "ERR_PNPM_NO_MATCHING_VERSION_INSIDE_WORKSPACE",
    "pkgsStack": [],
    "err": {
      "name": "pnpm",
      "message": "In sanctum: No matching version found for @vueauth/core@latest inside the workspace",
      "code": "ERR_PNPM_NO_MATCHING_VERSION_INSIDE_WORKSPACE",
      "stack": "pnpm: In sanctum: No matching version found for @vueauth/core@latest inside the workspace\n    at tryResolveFromWorkspace (/home/luke/.npm-global/pnpm-global/5/node_modules/.pnpm/pnpm@6.23.6/node_modules/pnpm/dist/pnpm.cjs:85335:15)\n    at resolveNpm (/home/luke/.npm-global/pnpm-global/5/node_modules/.pnpm/pnpm@6.23.6/node_modules/pnpm/dist/pnpm.cjs:85226:39)\n    at Object.resolve (/home/luke/.npm-global/pnpm-global/5/node_modules/.pnpm/pnpm@6.23.6/node_modules/pnpm/dist/pnpm.cjs:85458:40)\n    at ctx.requestsQueue.add.priority (/home/luke/.npm-global/pnpm-global/5/node_modules/.pnpm/pnpm@6.23.6/node_modules/pnpm/dist/pnpm.cjs:71417:75)\n    at run (/home/luke/.npm-global/pnpm-global/5/node_modules/.pnpm/pnpm@6.23.6/node_modules/pnpm/dist/pnpm.cjs:71156:90)\n    at PQueue._tryToStartAnother (/home/luke/.npm-global/pnpm-global/5/node_modules/.pnpm/pnpm@6.23.6/node_modules/pnpm/dist/pnpm.cjs:71110:13)\n    at PQueue._next (/home/luke/.npm-global/pnpm-global/5/node_modules/.pnpm/pnpm@6.23.6/node_modules/pnpm/dist/pnpm.cjs:71059:14)\n    at run (/home/luke/.npm-global/pnpm-global/5/node_modules/.pnpm/pnpm@6.23.6/node_modules/pnpm/dist/pnpm.cjs:71166:18)\n    at runMicrotasks (<anonymous>)\n    at processTicksAndRejections (node:internal/process/task_queues:96:5)"
    }
  },
  "259 debug pnpm:_dependency_resolved": {
    "resolution": "registry.npmjs.org/eslint-plugin-promise/5.2.0",
    "wanted": {
      "dependentId": "sanctum",
      "name": "eslint-plugin-promise",
      "rawSpec": "^5.2.0"
    }
  }
}